{
  "RSpec": {
    "coverage": {
      "/Users/hildenton/Desktop/walkabout/config/environment.rb": [
        null,
        1,
        null,
        null,
        1
      ],
      "/Users/hildenton/Desktop/walkabout/config/application.rb": [
        1,
        null,
        1,
        null,
        null,
        null,
        1,
        null,
        1,
        1,
        null,
        null,
        null,
        null,
        null,
        null,
        null,
        null,
        null,
        null,
        null,
        null,
        null
      ],
      "/Users/hildenton/Desktop/walkabout/config/boot.rb": [
        null,
        1,
        null,
        1
      ],
      "/Users/hildenton/Desktop/walkabout/config/environments/test.rb": [
        1,
        null,
        null,
        null,
        null,
        null,
        null,
        1,
        null,
        null,
        null,
        null,
        1,
        null,
        null,
        1,
        1,
        null,
        null,
        1,
        1,
        null,
        null,
        1,
        null,
        null,
        1,
        null,
        null,
        null,
        null,
        1,
        null,
        null,
        1,
        null,
        null,
        null,
        null,
        null,
        1,
        1,
        36,
        null,
        null,
        null
      ],
      "/Users/hildenton/Desktop/walkabout/config/initializers/assets.rb": [
        null,
        null,
        null,
        1,
        1,
        null,
        null,
        null,
        null
      ],
      "/Users/hildenton/Desktop/walkabout/config/initializers/backtrace_silencers.rb": [
        null,
        null,
        null,
        null,
        null,
        null,
        null
      ],
      "/Users/hildenton/Desktop/walkabout/config/initializers/cookies_serializer.rb": [
        null,
        null,
        1
      ],
      "/Users/hildenton/Desktop/walkabout/config/initializers/filter_parameter_logging.rb": [
        null,
        null,
        null,
        1
      ],
      "/Users/hildenton/Desktop/walkabout/config/initializers/geocoder.rb": [
        1,
        null,
        null,
        null,
        null
      ],
      "/Users/hildenton/Desktop/walkabout/config/initializers/inflections.rb": [
        null,
        null,
        null,
        null,
        null,
        null,
        null,
        null,
        null,
        null,
        null,
        null,
        null,
        null,
        null,
        null
      ],
      "/Users/hildenton/Desktop/walkabout/config/initializers/mime_types.rb": [
        null,
        null,
        null,
        null
      ],
      "/Users/hildenton/Desktop/walkabout/config/initializers/omniauth.rb": [
        1,
        null,
        1,
        1,
        null
      ],
      "/Users/hildenton/Desktop/walkabout/config/initializers/session_store.rb": [
        null,
        null,
        1
      ],
      "/Users/hildenton/Desktop/walkabout/config/initializers/wrap_parameters.rb": [
        null,
        null,
        null,
        null,
        null,
        null,
        1,
        1,
        null,
        null,
        null,
        null,
        null,
        null
      ],
      "/Users/hildenton/Desktop/walkabout/config/routes.rb": [
        1,
        1,
        1,
        1,
        null,
        1,
        1,
        1,
        null,
        1,
        1,
        1,
        1,
        null,
        null,
        null
      ],
      "/Users/hildenton/Desktop/walkabout/app/helpers/application_helper.rb": [
        1,
        null
      ],
      "/Users/hildenton/Desktop/walkabout/app/models/location.rb": [
        1,
        1,
        1,
        1,
        null,
        1,
        1,
        120,
        120,
        120,
        120,
        120,
        120,
        null,
        null,
        null,
        121,
        1,
        null,
        1,
        23,
        null,
        null,
        1,
        120,
        450,
        null,
        null,
        1,
        8,
        null,
        null,
        1,
        null,
        8,
        8,
        null,
        8,
        null,
        null,
        1,
        8,
        8,
        8,
        8,
        null,
        8,
        null,
        null,
        1,
        16,
        null,
        null
      ],
      "/Users/hildenton/Desktop/walkabout/app/models/sight.rb": [
        1,
        1,
        1,
        1,
        1,
        null,
        1,
        10,
        null,
        null
      ],
      "/Users/hildenton/Desktop/walkabout/app/controllers/walks_controller.rb": [
        1,
        1,
        0,
        null,
        null,
        1,
        13,
        null,
        null,
        1,
        9,
        9,
        8,
        0,
        null,
        8,
        8,
        8,
        null,
        1,
        null,
        null,
        null,
        1,
        18,
        0,
        null,
        18,
        null,
        null,
        null,
        1,
        null,
        1,
        9,
        null,
        null,
        1,
        16,
        16,
        16,
        16,
        16,
        null,
        null,
        1,
        36,
        null,
        null,
        1,
        12,
        12,
        null,
        null,
        1,
        8,
        8,
        16,
        12,
        null,
        16,
        16,
        null,
        null,
        null,
        1,
        16,
        null,
        null
      ],
      "/Users/hildenton/Desktop/walkabout/app/controllers/application_controller.rb": [
        1,
        null,
        null,
        1,
        null,
        1,
        null,
        1,
        71,
        null,
        1,
        null,
        1,
        36,
        36,
        null,
        0,
        null,
        null,
        1,
        null
      ],
      "/Users/hildenton/Desktop/walkabout/app/models/walk.rb": [
        1,
        1,
        1,
        1,
        1,
        1,
        null,
        1,
        null,
        1,
        18,
        null,
        null,
        1,
        16,
        24,
        null,
        16,
        null,
        null,
        1,
        8,
        8,
        8,
        null,
        null,
        null
      ],
      "/Users/hildenton/Desktop/walkabout/app/models/start_location.rb": [
        1,
        1,
        null,
        1,
        8,
        null,
        null,
        1,
        8,
        null,
        null,
        1,
        8,
        8,
        16,
        16,
        null,
        8,
        null,
        null,
        1,
        24,
        null,
        null
      ],
      "/Users/hildenton/Desktop/walkabout/app/models/walk_location.rb": [
        1,
        1,
        1,
        null
      ],
      "/Users/hildenton/Desktop/walkabout/app/models/finish_location.rb": [
        1,
        1,
        null
      ],
      "/Users/hildenton/Desktop/walkabout/app/controllers/static_pages_controller.rb": [
        1,
        1,
        8,
        8,
        0,
        0,
        0,
        null,
        null,
        null,
        null,
        null,
        null,
        null
      ],
      "/Users/hildenton/Desktop/walkabout/app/controllers/sights_controller.rb": [
        1,
        1,
        5,
        5,
        null,
        null
      ]
    },
    "timestamp": 1413077632
  }
}
