{
  "RSpec": {
    "coverage": {
      "/Users/hildenton/Desktop/walkabout/config/environment.rb": [
        null,
        1,
        null,
        null,
        1
      ],
      "/Users/hildenton/Desktop/walkabout/config/application.rb": [
        1,
        null,
        1,
        null,
        null,
        null,
        1,
        null,
        1,
        1,
        null,
        null,
        null,
        null,
        null,
        null,
        null,
        null,
        null,
        null,
        null,
        null,
        null
      ],
      "/Users/hildenton/Desktop/walkabout/config/boot.rb": [
        null,
        1,
        null,
        1
      ],
      "/Users/hildenton/Desktop/walkabout/config/environments/test.rb": [
        1,
        null,
        null,
        null,
        null,
        null,
        null,
        1,
        null,
        null,
        null,
        null,
        1,
        null,
        null,
        1,
        1,
        null,
        null,
        1,
        1,
        null,
        null,
        1,
        null,
        null,
        1,
        null,
        null,
        null,
        null,
        1,
        null,
        null,
        1,
        null,
        null,
        null,
        null,
        null,
        1,
        1,
        42,
        null,
        null,
        null
      ],
      "/Users/hildenton/Desktop/walkabout/config/initializers/assets.rb": [
        null,
        null,
        null,
        1,
        null,
        null,
        null,
        null
      ],
      "/Users/hildenton/Desktop/walkabout/config/initializers/backtrace_silencers.rb": [
        null,
        null,
        null,
        null,
        null,
        null,
        null
      ],
      "/Users/hildenton/Desktop/walkabout/config/initializers/cookies_serializer.rb": [
        null,
        null,
        1
      ],
      "/Users/hildenton/Desktop/walkabout/config/initializers/filter_parameter_logging.rb": [
        null,
        null,
        null,
        1
      ],
      "/Users/hildenton/Desktop/walkabout/config/initializers/geocoder.rb": [
        1,
        null,
        null,
        null,
        null,
        null,
        null
      ],
      "/Users/hildenton/Desktop/walkabout/config/initializers/inflections.rb": [
        null,
        null,
        null,
        null,
        null,
        null,
        null,
        null,
        null,
        null,
        null,
        null,
        null,
        null,
        null,
        null
      ],
      "/Users/hildenton/Desktop/walkabout/config/initializers/mime_types.rb": [
        null,
        null,
        null,
        null
      ],
      "/Users/hildenton/Desktop/walkabout/config/initializers/session_store.rb": [
        null,
        null,
        1
      ],
      "/Users/hildenton/Desktop/walkabout/config/initializers/wrap_parameters.rb": [
        null,
        null,
        null,
        null,
        null,
        null,
        1,
        1,
        null,
        null,
        null,
        null,
        null,
        null
      ],
      "/Users/hildenton/Desktop/walkabout/config/routes.rb": [
        1,
        1,
        1,
        1,
        null,
        null,
        null,
        null,
        null,
        null,
        null,
        null,
        null,
        null,
        null,
        null,
        null,
        null,
        null,
        null,
        null,
        null,
        null,
        null,
        null,
        null,
        null,
        null,
        null,
        null,
        null,
        null,
        null,
        null,
        null,
        null,
        null,
        null,
        null,
        null,
        null,
        null,
        null,
        null,
        null,
        null,
        null,
        null,
        null,
        null,
        null,
        null,
        null,
        null,
        null,
        null,
        null,
        null,
        null
      ],
      "/Users/hildenton/Desktop/walkabout/app/helpers/application_helper.rb": [
        1,
        null
      ],
      "/Users/hildenton/Desktop/walkabout/app/models/location.rb": [
        1,
        1,
        1,
        null,
        1,
        1,
        89,
        89,
        89,
        89,
        89,
        89,
        null,
        null,
        null,
        90,
        1,
        null,
        1,
        37,
        null,
        null,
        1,
        89,
        356,
        null,
        null
      ],
      "/Users/hildenton/Desktop/walkabout/app/controllers/static_pages_controller.rb": [
        1,
        1,
        null,
        null
      ],
      "/Users/hildenton/Desktop/walkabout/app/controllers/application_controller.rb": [
        1,
        null,
        null,
        1,
        null
      ],
      "/Users/hildenton/Desktop/walkabout/app/models/sight.rb": [
        1,
        1,
        1,
        1,
        1,
        null,
        1,
        10,
        null,
        null
      ],
      "/Users/hildenton/Desktop/walkabout/app/controllers/sights_controller.rb": [
        1,
        1,
        5,
        5,
        null,
        null
      ],
      "/Users/hildenton/Desktop/walkabout/app/controllers/walks_controller.rb": [
        1,
        1,
        14,
        null,
        null,
        1,
        10,
        10,
        9,
        9,
        18,
        14,
        null,
        18,
        18,
        null,
        9,
        null,
        1,
        1,
        null,
        null,
        null,
        1,
        14,
        null,
        null,
        1,
        1,
        10,
        null,
        null,
        1,
        18,
        18,
        18,
        18,
        18,
        null,
        null,
        1,
        42,
        42,
        null,
        0,
        null,
        null,
        null,
        1,
        14,
        14,
        null,
        null,
        1,
        18,
        null,
        null
      ],
      "/Users/hildenton/Desktop/walkabout/app/models/walk.rb": [
        1,
        1,
        1,
        1,
        1,
        null,
        1,
        null
      ],
      "/Users/hildenton/Desktop/walkabout/app/models/start_location.rb": [
        1,
        1,
        null,
        1,
        null,
        null,
        null
      ],
      "/Users/hildenton/Desktop/walkabout/app/models/finish_location.rb": [
        1,
        1,
        null,
        1,
        null,
        null
      ]
    },
    "timestamp": 1412454225
  }
}
